<?xml version="1.0" encoding="UTF-8"?>
<!-- Generated by org.testng.reporters.JUnitXMLReporter -->
<testsuite ignored="0" hostname="KTLPT1386" failures="0" tests="43" name="Test" time="14.653" errors="0" timestamp="2024-07-12T10:11:21 IST">
  <testcase classname="APITestCase.Login" name="Login" time="2.338"/>
  <testcase classname="APITestCase.Login" name="Logout" time="0.163"/>
  <testcase classname="APITestCase.Login" name="LoginWithOtp" time="0.353"/>
  <testcase classname="APITestCase.Login" name="OtpVerification" time="0.179"/>
  <testcase classname="APITestCase.Login" name="ResetPassword" time="0.162"/>
  <testcase classname="APITestCase.Login" name="CheckResetPassword" time="0.181"/>
  <testcase classname="APITestCase.Login" name="UserProfile" time="0.157"/>
  <testcase classname="APITestCase.ManageUser" name="Login" time="0.195"/>
  <testcase classname="APITestCase.ManageUser" name="AddUser" time="0.39"/>
  <testcase classname="APITestCase.ManageUser" name="ExportUser" time="0.473"/>
  <testcase classname="APITestCase.ManageUser" name="GetBranches" time="0.245"/>
  <testcase classname="APITestCase.ManageUser" name="GetUser" time="0.578"/>
  <testcase classname="APITestCase.ManageUser" name="GetVendorCompany" time="0.172"/>
  <testcase classname="APITestCase.ManageUser" name="ResendPassword" time="0.418"/>
  <testcase classname="APITestCase.ManageUser" name="ResetPassword" time="0.212"/>
  <testcase classname="APITestCase.ManageUser" name="RoleList" time="0.241"/>
  <testcase classname="APITestCase.ManageUser" name="UpdateUser" time="0.229"/>
  <testcase classname="APITestCase.ManageUser" name="UpdateUserStatus" time="0.179"/>
  <testcase classname="APITestCase.ManageUser" name="UploadUserProfileImage" time="0.258"/>
  <testcase classname="APITestCase.ManageUser" name="UsersCount" time="0.466"/>
  <testcase classname="APITestCase.ManageLead" name="Login" time="0.154"/>
  <testcase classname="APITestCase.ManageLead" name="AddLead" time="0.271"/>
  <testcase classname="APITestCase.ManageLead" name="AddLeadActivity" time="0.174"/>
  <testcase classname="APITestCase.ManageLead" name="AddTaskForLead" time="0.197"/>
  <testcase classname="APITestCase.ManageLead" name="CheckLeadNumbers" time="0.143"/>
  <testcase classname="APITestCase.ManageLead" name="DeleteAttachment" time="0.131"/>
  <testcase classname="APITestCase.ManageLead" name="ExportLeads" time="1.652"/>
  <testcase classname="APITestCase.ManageLead" name="GetCity" time="0.131"/>
  <testcase classname="APITestCase.ManageLead" name="GetLeadActivity" time="0.143"/>
  <testcase classname="APITestCase.ManageLead" name="GetLeadDetails" time="0.161"/>
  <testcase classname="APITestCase.ManageLead" name="GetLeadHistory" time="0.133"/>
  <testcase classname="APITestCase.ManageLead" name="GetLeadStage" time="0.121"/>
  <testcase classname="APITestCase.ManageLead" name="GetLeadTask" time="0.219"/>
  <testcase classname="APITestCase.ManageLead" name="GetLeads" time="1.633"/>
  <testcase classname="APITestCase.ManageLead" name="GetRequirement" time="0.129"/>
  <testcase classname="APITestCase.ManageLead" name="GetStates" time="0.127"/>
  <testcase classname="APITestCase.ManageLead" name="GetTaskByLeadId" time="0.172"/>
  <testcase classname="APITestCase.ManageLead" name="MarkLeadAsStar" time="0.203"/>
  <testcase classname="APITestCase.ManageLead" name="MarkTaskAsCompleted" time="0.163"/>
  <testcase classname="APITestCase.ManageLead" name="RescheduleTask" time="0.189"/>
  <testcase classname="APITestCase.ManageLead" name="UpdateLead" time="0.197"/>
  <testcase classname="APITestCase.ManageLead" name="UpdateLeadStage" time="0.182"/>
  <testcase classname="APITestCase.ManageLead" name="UploadLeadAttachment" time="0.328"/>
</testsuite> <!-- Test -->
