<?xml version="1.0" encoding="UTF-8"?>
<testng-results ignored="0" total="43" passed="43" failed="0" skipped="0">
  <reporter-output>
  </reporter-output>
  <suite started-at="2024-07-12T10:11:06 IST" name="Suite" finished-at="2024-07-12T10:11:21 IST" duration-ms="14653">
    <groups>
    </groups>
    <test started-at="2024-07-12T10:11:06 IST" name="Test" finished-at="2024-07-12T10:11:21 IST" duration-ms="14653">
      <class name="APITestCase.ManageUser">
        <test-method signature="Login()[pri:0, instance:APITestCase.ManageUser@7de843ef]" started-at="2024-07-12T10:11:10 IST" name="Login" finished-at="2024-07-12T10:11:10 IST" duration-ms="195" status="PASS">
          <reporter-output>
          </reporter-output>
        </test-method> <!-- Login -->
        <test-method signature="AddUser()[pri:0, instance:APITestCase.ManageUser@7de843ef]" started-at="2024-07-12T10:11:10 IST" name="AddUser" finished-at="2024-07-12T10:11:10 IST" depends-on-methods="APITestCase.ManageUser.Login" duration-ms="390" status="PASS">
          <reporter-output>
          </reporter-output>
        </test-method> <!-- AddUser -->
        <test-method signature="ExportUser()[pri:0, instance:APITestCase.ManageUser@7de843ef]" started-at="2024-07-12T10:11:10 IST" name="ExportUser" finished-at="2024-07-12T10:11:11 IST" depends-on-methods="APITestCase.ManageUser.Login" duration-ms="473" status="PASS">
          <reporter-output>
          </reporter-output>
        </test-method> <!-- ExportUser -->
        <test-method signature="GetBranches()[pri:0, instance:APITestCase.ManageUser@7de843ef]" started-at="2024-07-12T10:11:11 IST" name="GetBranches" finished-at="2024-07-12T10:11:11 IST" depends-on-methods="APITestCase.ManageUser.Login" duration-ms="245" status="PASS">
          <reporter-output>
          </reporter-output>
        </test-method> <!-- GetBranches -->
        <test-method signature="GetUser()[pri:0, instance:APITestCase.ManageUser@7de843ef]" started-at="2024-07-12T10:11:11 IST" name="GetUser" finished-at="2024-07-12T10:11:12 IST" depends-on-methods="APITestCase.ManageUser.AddUser" duration-ms="578" status="PASS">
          <reporter-output>
          </reporter-output>
        </test-method> <!-- GetUser -->
        <test-method signature="GetVendorCompany()[pri:0, instance:APITestCase.ManageUser@7de843ef]" started-at="2024-07-12T10:11:12 IST" name="GetVendorCompany" finished-at="2024-07-12T10:11:12 IST" depends-on-methods="APITestCase.ManageUser.Login" duration-ms="172" status="PASS">
          <reporter-output>
          </reporter-output>
        </test-method> <!-- GetVendorCompany -->
        <test-method signature="ResendPassword()[pri:0, instance:APITestCase.ManageUser@7de843ef]" started-at="2024-07-12T10:11:12 IST" name="ResendPassword" finished-at="2024-07-12T10:11:12 IST" depends-on-methods="APITestCase.ManageUser.Login" duration-ms="418" status="PASS">
          <reporter-output>
          </reporter-output>
        </test-method> <!-- ResendPassword -->
        <test-method signature="ResetPassword()[pri:0, instance:APITestCase.ManageUser@7de843ef]" started-at="2024-07-12T10:11:12 IST" name="ResetPassword" finished-at="2024-07-12T10:11:12 IST" depends-on-methods="APITestCase.ManageUser.Login" duration-ms="212" status="PASS">
          <reporter-output>
          </reporter-output>
        </test-method> <!-- ResetPassword -->
        <test-method signature="RoleList()[pri:0, instance:APITestCase.ManageUser@7de843ef]" started-at="2024-07-12T10:11:12 IST" name="RoleList" finished-at="2024-07-12T10:11:13 IST" depends-on-methods="APITestCase.ManageUser.Login" duration-ms="241" status="PASS">
          <reporter-output>
          </reporter-output>
        </test-method> <!-- RoleList -->
        <test-method signature="UpdateUser()[pri:0, instance:APITestCase.ManageUser@7de843ef]" started-at="2024-07-12T10:11:13 IST" name="UpdateUser" finished-at="2024-07-12T10:11:13 IST" depends-on-methods="APITestCase.ManageUser.Login" duration-ms="229" status="PASS">
          <reporter-output>
          </reporter-output>
        </test-method> <!-- UpdateUser -->
        <test-method signature="UpdateUserStatus()[pri:0, instance:APITestCase.ManageUser@7de843ef]" started-at="2024-07-12T10:11:13 IST" name="UpdateUserStatus" finished-at="2024-07-12T10:11:13 IST" depends-on-methods="APITestCase.ManageUser.Login" duration-ms="179" status="PASS">
          <reporter-output>
          </reporter-output>
        </test-method> <!-- UpdateUserStatus -->
        <test-method signature="UploadUserProfileImage()[pri:0, instance:APITestCase.ManageUser@7de843ef]" started-at="2024-07-12T10:11:13 IST" name="UploadUserProfileImage" finished-at="2024-07-12T10:11:13 IST" duration-ms="258" status="PASS">
          <reporter-output>
          </reporter-output>
        </test-method> <!-- UploadUserProfileImage -->
        <test-method signature="UsersCount()[pri:0, instance:APITestCase.ManageUser@7de843ef]" started-at="2024-07-12T10:11:13 IST" name="UsersCount" finished-at="2024-07-12T10:11:14 IST" depends-on-methods="APITestCase.ManageUser.Login" duration-ms="466" status="PASS">
          <reporter-output>
          </reporter-output>
        </test-method> <!-- UsersCount -->
      </class> <!-- APITestCase.ManageUser -->
      <class name="APITestCase.Login">
        <test-method signature="Login()[pri:0, instance:APITestCase.Login@38afe297]" started-at="2024-07-12T10:11:06 IST" name="Login" finished-at="2024-07-12T10:11:09 IST" duration-ms="2338" status="PASS">
          <reporter-output>
          </reporter-output>
        </test-method> <!-- Login -->
        <test-method signature="Logout()[pri:0, instance:APITestCase.Login@38afe297]" started-at="2024-07-12T10:11:09 IST" name="Logout" finished-at="2024-07-12T10:11:09 IST" duration-ms="163" status="PASS">
          <reporter-output>
          </reporter-output>
        </test-method> <!-- Logout -->
        <test-method signature="LoginWithOtp()[pri:1, instance:APITestCase.Login@38afe297]" started-at="2024-07-12T10:11:09 IST" name="LoginWithOtp" finished-at="2024-07-12T10:11:09 IST" duration-ms="353" status="PASS">
          <reporter-output>
          </reporter-output>
        </test-method> <!-- LoginWithOtp -->
        <test-method signature="OtpVerification()[pri:2, instance:APITestCase.Login@38afe297]" started-at="2024-07-12T10:11:09 IST" name="OtpVerification" finished-at="2024-07-12T10:11:09 IST" duration-ms="179" status="PASS">
          <reporter-output>
          </reporter-output>
        </test-method> <!-- OtpVerification -->
        <test-method signature="ResetPassword()[pri:3, instance:APITestCase.Login@38afe297]" started-at="2024-07-12T10:11:09 IST" name="ResetPassword" finished-at="2024-07-12T10:11:09 IST" duration-ms="162" status="PASS">
          <reporter-output>
          </reporter-output>
        </test-method> <!-- ResetPassword -->
        <test-method signature="CheckResetPassword()[pri:0, instance:APITestCase.Login@38afe297]" started-at="2024-07-12T10:11:09 IST" name="CheckResetPassword" finished-at="2024-07-12T10:11:10 IST" depends-on-methods="APITestCase.Login.ResetPassword" duration-ms="181" status="PASS">
          <reporter-output>
          </reporter-output>
        </test-method> <!-- CheckResetPassword -->
        <test-method signature="UserProfile()[pri:4, instance:APITestCase.Login@38afe297]" started-at="2024-07-12T10:11:10 IST" name="UserProfile" finished-at="2024-07-12T10:11:10 IST" depends-on-methods="APITestCase.Login.Login" duration-ms="157" status="PASS">
          <reporter-output>
          </reporter-output>
        </test-method> <!-- UserProfile -->
      </class> <!-- APITestCase.Login -->
      <class name="APITestCase.ManageLead">
        <test-method signature="Login()[pri:0, instance:APITestCase.ManageLead@7c9beb51]" started-at="2024-07-12T10:11:14 IST" name="Login" finished-at="2024-07-12T10:11:14 IST" duration-ms="154" status="PASS">
          <reporter-output>
          </reporter-output>
        </test-method> <!-- Login -->
        <test-method signature="AddLead()[pri:0, instance:APITestCase.ManageLead@7c9beb51]" started-at="2024-07-12T10:11:14 IST" name="AddLead" finished-at="2024-07-12T10:11:14 IST" depends-on-methods="APITestCase.ManageLead.Login" duration-ms="271" status="PASS">
          <reporter-output>
          </reporter-output>
        </test-method> <!-- AddLead -->
        <test-method signature="AddLeadActivity()[pri:0, instance:APITestCase.ManageLead@7c9beb51]" started-at="2024-07-12T10:11:14 IST" name="AddLeadActivity" finished-at="2024-07-12T10:11:14 IST" depends-on-methods="APITestCase.ManageLead.Login" duration-ms="174" status="PASS">
          <reporter-output>
          </reporter-output>
        </test-method> <!-- AddLeadActivity -->
        <test-method signature="AddTaskForLead()[pri:0, instance:APITestCase.ManageLead@7c9beb51]" started-at="2024-07-12T10:11:14 IST" name="AddTaskForLead" finished-at="2024-07-12T10:11:15 IST" depends-on-methods="APITestCase.ManageLead.Login" duration-ms="197" status="PASS">
          <reporter-output>
          </reporter-output>
        </test-method> <!-- AddTaskForLead -->
        <test-method signature="CheckLeadNumbers()[pri:0, instance:APITestCase.ManageLead@7c9beb51]" started-at="2024-07-12T10:11:15 IST" name="CheckLeadNumbers" finished-at="2024-07-12T10:11:15 IST" depends-on-methods="APITestCase.ManageLead.Login" duration-ms="143" status="PASS">
          <reporter-output>
          </reporter-output>
        </test-method> <!-- CheckLeadNumbers -->
        <test-method signature="DeleteAttachment()[pri:0, instance:APITestCase.ManageLead@7c9beb51]" started-at="2024-07-12T10:11:15 IST" name="DeleteAttachment" finished-at="2024-07-12T10:11:15 IST" depends-on-methods="APITestCase.ManageLead.Login" duration-ms="131" status="PASS">
          <reporter-output>
          </reporter-output>
        </test-method> <!-- DeleteAttachment -->
        <test-method signature="ExportLeads()[pri:0, instance:APITestCase.ManageLead@7c9beb51]" started-at="2024-07-12T10:11:15 IST" name="ExportLeads" finished-at="2024-07-12T10:11:17 IST" depends-on-methods="APITestCase.ManageLead.Login" duration-ms="1652" status="PASS">
          <reporter-output>
          </reporter-output>
        </test-method> <!-- ExportLeads -->
        <test-method signature="GetCity()[pri:0, instance:APITestCase.ManageLead@7c9beb51]" started-at="2024-07-12T10:11:17 IST" name="GetCity" finished-at="2024-07-12T10:11:17 IST" depends-on-methods="APITestCase.ManageLead.Login" duration-ms="131" status="PASS">
          <reporter-output>
          </reporter-output>
        </test-method> <!-- GetCity -->
        <test-method signature="GetLeadActivity()[pri:0, instance:APITestCase.ManageLead@7c9beb51]" started-at="2024-07-12T10:11:17 IST" name="GetLeadActivity" finished-at="2024-07-12T10:11:17 IST" depends-on-methods="APITestCase.ManageLead.Login" duration-ms="143" status="PASS">
          <reporter-output>
          </reporter-output>
        </test-method> <!-- GetLeadActivity -->
        <test-method signature="GetLeadDetails()[pri:0, instance:APITestCase.ManageLead@7c9beb51]" started-at="2024-07-12T10:11:17 IST" name="GetLeadDetails" finished-at="2024-07-12T10:11:17 IST" depends-on-methods="APITestCase.ManageLead.Login" duration-ms="161" status="PASS">
          <reporter-output>
          </reporter-output>
        </test-method> <!-- GetLeadDetails -->
        <test-method signature="GetLeadHistory()[pri:0, instance:APITestCase.ManageLead@7c9beb51]" started-at="2024-07-12T10:11:17 IST" name="GetLeadHistory" finished-at="2024-07-12T10:11:17 IST" depends-on-methods="APITestCase.ManageLead.Login" duration-ms="133" status="PASS">
          <reporter-output>
          </reporter-output>
        </test-method> <!-- GetLeadHistory -->
        <test-method signature="GetLeadStage()[pri:0, instance:APITestCase.ManageLead@7c9beb51]" started-at="2024-07-12T10:11:17 IST" name="GetLeadStage" finished-at="2024-07-12T10:11:17 IST" depends-on-methods="APITestCase.ManageLead.Login" duration-ms="121" status="PASS">
          <reporter-output>
          </reporter-output>
        </test-method> <!-- GetLeadStage -->
        <test-method signature="GetLeadTask()[pri:0, instance:APITestCase.ManageLead@7c9beb51]" started-at="2024-07-12T10:11:17 IST" name="GetLeadTask" finished-at="2024-07-12T10:11:18 IST" depends-on-methods="APITestCase.ManageLead.Login" duration-ms="219" status="PASS">
          <reporter-output>
          </reporter-output>
        </test-method> <!-- GetLeadTask -->
        <test-method signature="GetLeads()[pri:0, instance:APITestCase.ManageLead@7c9beb51]" started-at="2024-07-12T10:11:18 IST" name="GetLeads" finished-at="2024-07-12T10:11:19 IST" depends-on-methods="APITestCase.ManageLead.Login" duration-ms="1633" status="PASS">
          <reporter-output>
          </reporter-output>
        </test-method> <!-- GetLeads -->
        <test-method signature="GetRequirement()[pri:0, instance:APITestCase.ManageLead@7c9beb51]" started-at="2024-07-12T10:11:19 IST" name="GetRequirement" finished-at="2024-07-12T10:11:19 IST" depends-on-methods="APITestCase.ManageLead.Login" duration-ms="129" status="PASS">
          <reporter-output>
          </reporter-output>
        </test-method> <!-- GetRequirement -->
        <test-method signature="GetStates()[pri:0, instance:APITestCase.ManageLead@7c9beb51]" started-at="2024-07-12T10:11:19 IST" name="GetStates" finished-at="2024-07-12T10:11:19 IST" depends-on-methods="APITestCase.ManageLead.Login" duration-ms="127" status="PASS">
          <reporter-output>
          </reporter-output>
        </test-method> <!-- GetStates -->
        <test-method signature="GetTaskByLeadId()[pri:0, instance:APITestCase.ManageLead@7c9beb51]" started-at="2024-07-12T10:11:19 IST" name="GetTaskByLeadId" finished-at="2024-07-12T10:11:20 IST" depends-on-methods="APITestCase.ManageLead.Login" duration-ms="172" status="PASS">
          <reporter-output>
          </reporter-output>
        </test-method> <!-- GetTaskByLeadId -->
        <test-method signature="MarkLeadAsStar()[pri:0, instance:APITestCase.ManageLead@7c9beb51]" started-at="2024-07-12T10:11:20 IST" name="MarkLeadAsStar" finished-at="2024-07-12T10:11:20 IST" depends-on-methods="APITestCase.ManageLead.Login" duration-ms="203" status="PASS">
          <reporter-output>
          </reporter-output>
        </test-method> <!-- MarkLeadAsStar -->
        <test-method signature="MarkTaskAsCompleted()[pri:0, instance:APITestCase.ManageLead@7c9beb51]" started-at="2024-07-12T10:11:20 IST" name="MarkTaskAsCompleted" finished-at="2024-07-12T10:11:20 IST" depends-on-methods="APITestCase.ManageLead.Login" duration-ms="163" status="PASS">
          <reporter-output>
          </reporter-output>
        </test-method> <!-- MarkTaskAsCompleted -->
        <test-method signature="RescheduleTask()[pri:0, instance:APITestCase.ManageLead@7c9beb51]" started-at="2024-07-12T10:11:20 IST" name="RescheduleTask" finished-at="2024-07-12T10:11:20 IST" depends-on-methods="APITestCase.ManageLead.Login" duration-ms="189" status="PASS">
          <reporter-output>
          </reporter-output>
        </test-method> <!-- RescheduleTask -->
        <test-method signature="UpdateLead()[pri:0, instance:APITestCase.ManageLead@7c9beb51]" started-at="2024-07-12T10:11:20 IST" name="UpdateLead" finished-at="2024-07-12T10:11:20 IST" depends-on-methods="APITestCase.ManageLead.Login" duration-ms="197" status="PASS">
          <reporter-output>
          </reporter-output>
        </test-method> <!-- UpdateLead -->
        <test-method signature="UpdateLeadStage()[pri:0, instance:APITestCase.ManageLead@7c9beb51]" started-at="2024-07-12T10:11:20 IST" name="UpdateLeadStage" finished-at="2024-07-12T10:11:21 IST" depends-on-methods="APITestCase.ManageLead.Login" duration-ms="182" status="PASS">
          <reporter-output>
          </reporter-output>
        </test-method> <!-- UpdateLeadStage -->
        <test-method signature="UploadLeadAttachment()[pri:0, instance:APITestCase.ManageLead@7c9beb51]" started-at="2024-07-12T10:11:21 IST" name="UploadLeadAttachment" finished-at="2024-07-12T10:11:21 IST" depends-on-methods="APITestCase.ManageLead.Login" duration-ms="328" status="PASS">
          <reporter-output>
          </reporter-output>
        </test-method> <!-- UploadLeadAttachment -->
      </class> <!-- APITestCase.ManageLead -->
    </test> <!-- Test -->
  </suite> <!-- Suite -->
</testng-results>
